alpine-base-3.21.3-r0 x86_64 {alpine-base} (MIT) [installed]
alpine-baselayout-3.6.8-r1 x86_64 {alpine-baselayout} (GPL-2.0-only) [installed]
alpine-baselayout-data-3.6.8-r1 x86_64 {alpine-baselayout} (GPL-2.0-only) [installed]
alpine-conf-3.19.2-r0 x86_64 {alpine-conf} (MIT) [installed]
alpine-keys-2.5-r0 x86_64 {alpine-keys} (MIT) [installed]
alpine-release-3.21.3-r0 x86_64 {alpine-base} (MIT) [installed]
apk-tools-2.14.6-r3 x86_64 {apk-tools} (GPL-2.0-only) [installed]
apk-tools-doc-2.14.6-r3 x86_64 {apk-tools} (GPL-2.0-only) [installed]
busybox-1.37.0-r12 x86_64 {busybox} (GPL-2.0-only) [installed]
busybox-binsh-1.37.0-r12 x86_64 {busybox} (GPL-2.0-only) [installed]
busybox-doc-1.37.0-r12 x86_64 {busybox} (GPL-2.0-only) [installed]
busybox-mdev-openrc-1.37.0-r12 x86_64 {busybox} (GPL-2.0-only) [installed]
busybox-openrc-1.37.0-r12 x86_64 {busybox} (GPL-2.0-only) [installed]
busybox-suid-1.37.0-r12 x86_64 {busybox} (GPL-2.0-only) [installed]
ca-certificates-bundle-20241121-r1 x86_64 {ca-certificates} (MPL-2.0 AND MIT) [installed]
docs-0.2-r6 x86_64 {docs} (MIT) [installed]
DOCUMENTATION-20250221.100450 noarch {DOCUMENTATION} () [installed]
ifupdown-ng-0.12.1-r6 x86_64 {ifupdown-ng} (ISC) [installed]
ifupdown-ng-doc-0.12.1-r6 x86_64 {ifupdown-ng} (ISC) [installed]
libcap2-2.71-r0 x86_64 {libcap} (BSD-3-Clause OR GPL-2.0-only) [installed]
libcrypto3-3.3.3-r0 x86_64 {openssl} (Apache-2.0) [installed]
libncursesw-6.5_p20241006-r3 x86_64 {ncurses} (X11) [installed]
libssl3-3.3.3-r0 x86_64 {openssl} (Apache-2.0) [installed]
man-pages-6.9.1-r0 x86_64 {man-pages} (GPL-2.0-or-later) [installed]
man-pages-posix-2017a-r0 x86_64 {man-pages-posix} (custom) [installed]
mandoc-1.14.6-r13 x86_64 {mandoc} (ISC) [installed]
mandoc-apropos-1.14.6-r13 x86_64 {mandoc} (ISC) [installed]
mandoc-doc-1.14.6-r13 x86_64 {mandoc} (ISC) [installed]
mdev-conf-4.7-r0 x86_64 {mdev-conf} (MIT) [installed]
mksh-59c-r4 x86_64 {mksh} (MirOS AND Unicode-DFS-2016) [installed]
mksh-doc-59c-r4 x86_64 {mksh} (MirOS AND Unicode-DFS-2016) [installed]
musl-1.2.5-r9 x86_64 {musl} (MIT) [installed]
musl-utils-1.2.5-r9 x86_64 {musl} (MIT AND BSD-2-Clause AND GPL-2.0-or-later) [installed]
ncurses-terminfo-base-6.5_p20241006-r3 x86_64 {ncurses} (X11) [installed]
openrc-0.55.1-r2 x86_64 {openrc} (BSD-2-Clause) [installed]
openrc-doc-0.55.1-r2 x86_64 {openrc} (BSD-2-Clause) [installed]
scanelf-1.3.8-r1 x86_64 {pax-utils} (GPL-2.0-only) [installed]
ssl_client-1.37.0-r12 x86_64 {busybox} (GPL-2.0-only) [installed]
vim-9.1.1105-r0 x86_64 {vim} (Vim) [installed]
vim-common-9.1.1105-r0 x86_64 {vim} (Vim) [installed]
vim-doc-9.1.1105-r0 x86_64 {vim} (Vim) [installed]
xxd-9.1.1105-r0 x86_64 {vim} (Vim) [installed]
zlib-1.3.1-r2 x86_64 {zlib} (Zlib) [installed]
zlib-doc-1.3.1-r2 x86_64 {zlib} (Zlib) [installed]
